Step: step-credential-initializer-pck8m:

{"level":"warn","ts":1565874124.596472,"logger":"fallback-logger","caller":"logging/config.go:69","msg":"Fetch GitHub commit ID from kodata failed: \"ref: refs/heads/master\" is not a valid GitHub commit ID"}
{"level":"info","ts":1565874124.5970445,"logger":"fallback-logger","caller":"creds-init/main.go:40","msg":"Credentials initialized."}
Step: step-working-dir-initializer-5xj9k:

{"level":"warn","ts":1565874128.4141197,"logger":"fallback-logger","caller":"logging/config.go:69","msg":"Fetch GitHub commit ID from kodata failed: open /var/run/ko/HEAD: no such file or directory"}
{"level":"info","ts":1565874128.4429631,"logger":"fallback-logger","caller":"bash/main.go:65","msg":"Successfully executed command \"mkdir -p /workspace/source\""}
Step: step-place-tools:

Step: step-git-source-meta-towelcorp-m-exporter-maste-t9rzg:

{"level":"warn","ts":1565874150.7031493,"logger":"fallback-logger","caller":"logging/config.go:69","msg":"Fetch GitHub commit ID from kodata failed: \"ref: refs/heads/master\" is not a valid GitHub commit ID"}
{"level":"info","ts":1565874151.9754696,"logger":"fallback-logger","caller":"git/git.go:102","msg":"Successfully cloned https://github.com/towelcorp/m-exporter.git @ 71806c603f38a0c301ea16e2508f70c35a18237f in path /workspace/source"}
Step: step-git-merge:

{"level":"info","msg":"Using SHAs from PULL_REFS=master:71806c603f38a0c301ea16e2508f70c35a18237f","time":"2019-08-15T13:02:32Z"}
{"level":"warning","msg":"no SHAs to merge, falling back to initial cloned commit","time":"2019-08-15T13:02:32Z"}
Step: step-merge-pull-refs:

SKIP merge-pull-refs: Nothing to merge
Step: step-create-effective-pipeline:

{"level":"info","msg":"Deleting and cloning the Jenkins X versions repo","time":"2019-08-15T13:02:33Z"}
{"level":"info","msg":"Cloning the Jenkins X versions repo https://github.com/jenkins-x/jenkins-x-versions.git with ref refs/heads/master to /builder/home/.**/jenkins-x-versions","time":"2019-08-15T13:02:33Z"}
{"level":"info","msg":"Effective pipeline written to jenkins-x-effective.yml","time":"2019-08-15T13:02:38Z"}
Step: step-create-tekton-crds:

{"level":"info","msg":"running command: echo \\$(**-release-version) \u003e VERSION","time":"2019-08-15T13:02:39Z"}
{"level":"info","msg":"","time":"2019-08-15T13:02:40Z"}
{"level":"info","msg":"running command: ** step tag --version \\$(cat VERSION)","time":"2019-08-15T13:02:40Z"}
{"level":"info","msg":"Updating chart version in charts/m-exporter/Chart.yaml to 0.0.1","time":"2019-08-15T13:02:40Z"}
{"level":"info","msg":"Updating repository in charts/m-exporter/values.yaml to 10.109.112.181:5000/towelcorp/m-exporter","time":"2019-08-15T13:02:40Z"}
{"level":"info","msg":"Updating tag in charts/m-exporter/values.yaml to 0.0.1","time":"2019-08-15T13:02:40Z"}
{"level":"info","msg":"Tag v0.0.1 created and pushed to remote origin","time":"2019-08-15T13:02:44Z"}
{"level":"info","msg":"","time":"2019-08-15T13:02:44Z"}
{"level":"warning","msg":"failed to find secret kaniko-secret in namespace **: secrets \"kaniko-secret\" not found","time":"2019-08-15T13:02:44Z"}
{"level":"info","msg":"PipelineActivity for towelcorp-m-exporter-master-1","time":"2019-08-15T13:02:44Z"}
{"level":"info","msg":"Applying changes ","time":"2019-08-15T13:02:44Z"}
{"level":"info","msg":"upserted PipelineResource towelcorp-m-exporter-master for the git repository https://github.com/towelcorp/m-exporter.git and branch master","time":"2019-08-15T13:02:44Z"}
{"level":"info","msg":"upserted Task towelcorp-m-exporter-master-from-build-pack-1","time":"2019-08-15T13:02:44Z"}
{"level":"info","msg":"upserted Pipeline towelcorp-m-exporter-master-1","time":"2019-08-15T13:02:44Z"}
{"level":"info","msg":"created PipelineRun towelcorp-m-exporter-master-1","time":"2019-08-15T13:02:44Z"}
{"level":"info","msg":"created PipelineStructure towelcorp-m-exporter-master-1","time":"2019-08-15T13:02:44Z"}
